<?xml version="1.0" encoding="UTF-8"?>
<testsuite xmlns:xsi="http://www.w3.org/2001/XMLSchema-instance" xsi:schemaLocation="https://maven.apache.org/surefire/maven-surefire-plugin/xsd/surefire-test-report.xsd" name="NumberOperationsTest" time="0.124" tests="5" errors="5" skipped="0" failures="0">
  <properties>
[...]
</properties>
  <testcase name="testMax" classname="NumberOperationsTest" time="0.017">
    <error message="Unresolved compilation problem: &#10;	Unhandled exception type FileNotFoundException&#10;" type="java.lang.Error">java.lang.Error: 
Unresolved compilation problem: 
	Unhandled exception type FileNotFoundException

	at NumberOperationsTest.testMax(NumberOperationsTest.java:28)
</error>
  </testcase>
  <testcase name="testMin" classname="NumberOperationsTest" time="0">
    <error message="Unresolved compilation problem: &#10;	Unhandled exception type FileNotFoundException&#10;" type="java.lang.Error">java.lang.Error: 
Unresolved compilation problem: 
	Unhandled exception type FileNotFoundException

	at NumberOperationsTest.testMin(NumberOperationsTest.java:19)
</error>
  </testcase>
  <testcase name="testSum" classname="NumberOperationsTest" time="0.004">
    <error message="Unresolved compilation problem: &#10;	Unhandled exception type FileNotFoundException&#10;" type="java.lang.Error">java.lang.Error: 
Unresolved compilation problem: 
	Unhandled exception type FileNotFoundException

	at NumberOperationsTest.testSum(NumberOperationsTest.java:36)
</error>
  </testcase>
  <testcase name="testEqual" classname="NumberOperationsTest" time="0.002">
    <error message="Unresolved compilation problems: &#10;	Unhandled exception type FileNotFoundException&#10;	Unhandled exception type FileNotFoundException&#10;" type="java.lang.Error">java.lang.Error: 
Unresolved compilation problems: 
	Unhandled exception type FileNotFoundException
	Unhandled exception type FileNotFoundException

	at NumberOperationsTest.testEqual(NumberOperationsTest.java:61)
</error>
  </testcase>
  <testcase name="testMult" classname="NumberOperationsTest" time="0.002">
    <error message="Unresolved compilation problem: &#10;	Unhandled exception type FileNotFoundException&#10;" type="java.lang.Error">java.lang.Error: 
Unresolved compilation problem: 
	Unhandled exception type FileNotFoundException

	at NumberOperationsTest.testMult(NumberOperationsTest.java:44)
</error>
  </testcase>
</testsuite>